2019-09-29 21:27:13.564327: Gaetan1569767117.5999324.pickle deja entrainer
2019-09-29 21:27:55.746793: Gaetan1569767117.5999324.pickle deja entrainer
2019-09-29 21:27:55.755151: Gaetan1569767681.5700564.pickle deja entrainer
2019-09-29 21:27:55.765178: Gaetan_affection1569773215.3853812.pickle deja entrainer
2019-09-29 21:27:55.773961: Gaetan_affection1569773811.7625198.pickle deja entrainer
2019-09-29 21:27:55.782832: Gaetan_salutation1569769315.2845206.pickle deja entrainer
2019-09-29 21:27:55.792137: Landris1569761823.1594908.pickle deja entrainer
2019-09-29 21:27:55.802022: Landry 1569756068.5932136.pickle deja entrainer
2019-09-29 21:27:55.810968: Landry1569751973.443937.pickle deja entrainer
2019-09-29 21:27:55.820754: Landry1569752297.725281.pickle deja entrainer
2019-09-29 21:27:55.830831: Landry1569752327.193542.pickle deja entrainer
2019-09-29 21:27:55.839773: Landry1569752379.2493088.pickle deja entrainer
2019-09-29 21:27:55.849479: Landry1569752469.6487012.pickle deja entrainer
2019-09-29 21:27:55.859734: Landry1569752553.3507473.pickle deja entrainer
2019-09-29 21:27:55.868570: Landry1569752601.240475.pickle deja entrainer
2019-09-29 21:27:55.879515: Landry1569752694.9771836.pickle deja entrainer
2019-09-29 21:27:55.887561: Landry1569752726.4229715.pickle deja entrainer
2019-09-29 21:27:55.898642: Landry1569753389.153684.pickle deja entrainer
2019-09-29 21:27:55.906208: Landry1569756010.1963098.pickle deja entrainer
2019-09-29 21:27:55.917563: Landry1569756113.8109486.pickle deja entrainer
2019-09-29 21:27:55.924736: Landry1569756427.7174196.pickle deja entrainer
2019-09-29 21:27:55.934469: Landry1569756487.7392573.pickle deja entrainer
2019-09-29 21:27:55.944137: Landry1569756648.527258.pickle deja entrainer
2019-09-29 21:27:55.954775: Landry1569756702.6610138.pickle deja entrainer
2019-09-29 21:27:55.963701: Landry1569756753.2169418.pickle deja entrainer
2019-09-29 21:27:55.973503: Landry1569756804.2588167.pickle deja entrainer
2019-09-29 21:27:55.989107: Landry1569757225.4830878.pickle deja entrainer
2019-09-29 21:27:55.997857: Landry1569757316.1252055.pickle deja entrainer
2019-09-29 21:27:56.008346: Landry1569757377.3213465.pickle deja entrainer
2019-09-29 21:27:56.018311: Landry1569757474.7468038.pickle deja entrainer
2019-09-29 21:27:56.026999: Landry1569757571.2798703.pickle deja entrainer
2019-09-29 21:27:56.038453: Landry1569757674.841612.pickle deja entrainer
2019-09-29 21:27:56.048655: Landry1569757757.862411.pickle deja entrainer
2019-09-29 21:27:56.058753: Landry1569757963.5832415.pickle deja entrainer
2019-09-29 21:27:56.069315: Landry1569758072.7867763.pickle deja entrainer
2019-09-29 21:27:56.078485: Landry1569758139.5434787.pickle deja entrainer
2019-09-29 21:27:56.088318: Landry_Info ti-asa1569759283.6940012.pickle deja entrainer
2019-09-29 21:27:56.097608: Landry_Ok alors1569759385.9637322.pickle deja entrainer
2019-09-29 21:27:56.113036: Landry_Pas de sujet1569759460.2824628.pickle deja entrainer
2019-09-29 21:27:56.122890: Landry_Pas de sujet1569759513.5852742.pickle deja entrainer
2019-09-29 21:27:56.132770: Landry_Pas de sujet1569761715.5991583.pickle deja entrainer
2019-09-29 21:27:56.141604: Landry_Pas de sujet1569761891.7444816.pickle deja entrainer
2019-09-29 21:27:56.151417: Landry_Salutation1569758369.6880407.pickle deja entrainer
2019-09-29 21:27:56.162070: Landry_Tant mieux1569759344.7115521.pickle deja entrainer
2019-09-29 21:27:56.171808: Landry_gros mot 1569762178.5377057.pickle deja entrainer
2019-09-29 21:27:56.181974: Landry_gros mot 1569762216.2751713.pickle deja entrainer
2019-09-29 21:27:56.191089: Landry_gros mot 1569762265.1407282.pickle deja entrainer
2019-09-29 21:27:56.201903: Landry_gros mot 1569764486.2896125.pickle deja entrainer
2019-09-29 21:27:56.210743: Landry_gros mot1569761966.6570952.pickle deja entrainer
2019-09-29 21:27:56.222053: Landry_gros mot1569762035.5159051.pickle deja entrainer
2019-09-29 21:27:56.233379: Landry_gros mot1569762093.564643.pickle deja entrainer
2019-09-29 21:27:56.242184: Landry_gros mot1569762347.5378044.pickle deja entrainer
2019-09-29 21:27:56.251086: Landry_gros mot1569762387.1265013.pickle deja entrainer
2019-09-29 21:27:56.264335: Landry_gros mot1569762502.5251384.pickle deja entrainer
2019-09-29 21:27:56.273243: Landry_gros mot1569762536.0991375.pickle deja entrainer
2019-09-29 21:27:56.282219: Landry_gros mot1569762567.7121878.pickle deja entrainer
2019-09-29 21:27:56.293052: Landry_gros mot1569764356.8760288.pickle deja entrainer
2019-09-29 21:27:56.302856: Landry_gros mot1569764400.7291787.pickle deja entrainer
2019-09-29 21:27:56.311800: Landry_rire1569763679.5295184.pickle deja entrainer
2019-09-29 21:27:56.322576: Landry_rire1569763723.4727235.pickle deja entrainer
2019-09-29 21:27:56.332680: Landry_rire1569763785.6333694.pickle deja entrainer
2019-09-29 21:27:56.341432: Landry_rire1569763852.6232855.pickle deja entrainer
2019-09-29 21:27:56.352313: Landry_rire1569763893.577941.pickle deja entrainer
2019-09-29 21:27:56.364213: Landry_rire1569763938.6023798.pickle deja entrainer
2019-09-29 21:27:56.373107: Landry_rire1569763992.8144379.pickle deja entrainer
2019-09-29 21:27:56.384693: Landry_rire1569764052.432645.pickle deja entrainer
2019-09-29 21:27:56.393634: Landry_rire1569764118.2899892.pickle deja entrainer
2019-09-29 21:27:56.403427: gaetan1569760964.1562946.pickle deja entrainer
2019-09-29 21:27:56.413062: gaetan1569768211.1593125.pickle deja entrainer
2019-09-29 21:27:56.421749: gaetan_discussion long1569770278.1853623.pickle deja entrainer
2019-09-29 21:29:50.520231: Gaetan1569767117.5999324.pickle deja entrainer
2019-09-29 21:29:50.528508: Gaetan1569767681.5700564.pickle deja entrainer
2019-09-29 21:29:50.539538: Gaetan_affection1569773215.3853812.pickle deja entrainer
2019-09-29 21:29:50.546827: Gaetan_affection1569773811.7625198.pickle deja entrainer
2019-09-29 21:29:50.558836: Gaetan_salutation1569769315.2845206.pickle deja entrainer
2019-09-29 21:29:50.566133: Landris1569761823.1594908.pickle deja entrainer
2019-09-29 21:29:50.577437: Landry 1569756068.5932136.pickle deja entrainer
2019-09-29 21:29:50.584693: Landry1569751973.443937.pickle deja entrainer
2019-09-29 21:29:50.595250: Landry1569752297.725281.pickle deja entrainer
2019-09-29 21:29:50.604265: Landry1569752327.193542.pickle deja entrainer
2019-09-29 21:29:50.614404: Landry1569752379.2493088.pickle deja entrainer
2019-09-29 21:29:50.624730: Landry1569752469.6487012.pickle deja entrainer
2019-09-29 21:29:50.635977: Landry1569752553.3507473.pickle deja entrainer
2019-09-29 21:29:50.643437: Landry1569752601.240475.pickle deja entrainer
2019-09-29 21:29:50.653665: Landry1569752694.9771836.pickle deja entrainer
2019-09-29 21:29:50.663124: Landry1569752726.4229715.pickle deja entrainer
2019-09-29 21:29:50.672617: Landry1569753389.153684.pickle deja entrainer
2019-09-29 21:29:50.685176: Landry1569756010.1963098.pickle deja entrainer
2019-09-29 21:29:50.692307: Landry1569756113.8109486.pickle deja entrainer
2019-09-29 21:29:50.702411: Landry1569756427.7174196.pickle deja entrainer
2019-09-29 21:29:50.709933: Landry1569756487.7392573.pickle deja entrainer
2019-09-29 21:29:50.721697: Landry1569756648.527258.pickle deja entrainer
2019-09-29 21:29:50.730608: Landry1569756702.6610138.pickle deja entrainer
2019-09-29 21:29:50.739510: Landry1569756753.2169418.pickle deja entrainer
2019-09-29 21:29:50.750216: Landry1569756804.2588167.pickle deja entrainer
2019-09-29 21:29:50.760293: Landry1569757225.4830878.pickle deja entrainer
2019-09-29 21:29:50.770486: Landry1569757316.1252055.pickle deja entrainer
2019-09-29 21:29:50.780588: Landry1569757377.3213465.pickle deja entrainer
2019-09-29 21:29:50.791842: Landry1569757474.7468038.pickle deja entrainer
2019-09-29 21:29:50.800370: Landry1569757571.2798703.pickle deja entrainer
2019-09-29 21:29:50.810886: Landry1569757674.841612.pickle deja entrainer
2019-09-29 21:29:50.821127: Landry1569757757.862411.pickle deja entrainer
2019-09-29 21:29:50.830151: Landry1569757963.5832415.pickle deja entrainer
2019-09-29 21:29:50.840883: Landry1569758072.7867763.pickle deja entrainer
2019-09-29 21:29:50.850111: Landry1569758139.5434787.pickle deja entrainer
2019-09-29 21:29:50.859795: Landry_Info ti-asa1569759283.6940012.pickle deja entrainer
2019-09-29 21:29:50.871165: Landry_Ok alors1569759385.9637322.pickle deja entrainer
2019-09-29 21:29:50.880120: Landry_Pas de sujet1569759460.2824628.pickle deja entrainer
2019-09-29 21:29:50.889982: Landry_Pas de sujet1569759513.5852742.pickle deja entrainer
2019-09-29 21:29:50.900824: Landry_Pas de sujet1569761715.5991583.pickle deja entrainer
2019-09-29 21:29:50.910079: Landry_Pas de sujet1569761891.7444816.pickle deja entrainer
2019-09-29 21:29:50.920290: Landry_Salutation1569758369.6880407.pickle deja entrainer
2019-09-29 21:29:50.930313: Landry_Tant mieux1569759344.7115521.pickle deja entrainer
2019-09-29 21:29:50.941004: Landry_gros mot 1569762178.5377057.pickle deja entrainer
2019-09-29 21:29:50.949897: Landry_gros mot 1569762216.2751713.pickle deja entrainer
2019-09-29 21:29:50.958651: Landry_gros mot 1569762265.1407282.pickle deja entrainer
2019-09-29 21:29:50.971770: Landry_gros mot 1569764486.2896125.pickle deja entrainer
2019-09-29 21:29:50.979695: Landry_gros mot1569761966.6570952.pickle deja entrainer
2019-09-29 21:29:50.990086: Landry_gros mot1569762035.5159051.pickle deja entrainer
2019-09-29 21:29:51.001162: Landry_gros mot1569762093.564643.pickle deja entrainer
2019-09-29 21:29:51.010131: Landry_gros mot1569762347.5378044.pickle deja entrainer
2019-09-29 21:29:51.020571: Landry_gros mot1569762387.1265013.pickle deja entrainer
2019-09-29 21:29:51.031841: Landry_gros mot1569762502.5251384.pickle deja entrainer
2019-09-29 21:29:51.040195: Landry_gros mot1569762536.0991375.pickle deja entrainer
2019-09-29 21:29:51.050341: Landry_gros mot1569762567.7121878.pickle deja entrainer
2019-09-29 21:29:51.060398: Landry_gros mot1569764356.8760288.pickle deja entrainer
2019-09-29 21:29:51.071097: Landry_gros mot1569764400.7291787.pickle deja entrainer
2019-09-29 21:29:51.079983: Landry_rire1569763679.5295184.pickle deja entrainer
2019-09-29 21:29:51.090684: Landry_rire1569763723.4727235.pickle deja entrainer
2019-09-29 21:29:51.099712: Landry_rire1569763785.6333694.pickle deja entrainer
2019-09-29 21:29:51.109399: Landry_rire1569763852.6232855.pickle deja entrainer
2019-09-29 21:29:51.120004: Landry_rire1569763893.577941.pickle deja entrainer
2019-09-29 21:29:51.129340: Landry_rire1569763938.6023798.pickle deja entrainer
2019-09-29 21:29:51.139126: Landry_rire1569763992.8144379.pickle deja entrainer
2019-09-29 21:29:51.149716: Landry_rire1569764052.432645.pickle deja entrainer
2019-09-29 21:29:51.159225: Landry_rire1569764118.2899892.pickle deja entrainer
2019-09-29 21:29:51.169880: gaetan1569760964.1562946.pickle deja entrainer
2019-09-29 21:29:51.179875: gaetan1569768211.1593125.pickle deja entrainer
2019-09-29 21:29:51.190260: gaetan_discussion long1569770278.1853623.pickle deja entrainer
2019-09-29 21:40:16.436320: Gaetan1569767117.5999324.pickle deja entrainer
2019-09-29 21:40:16.443975: Gaetan1569767681.5700564.pickle deja entrainer
2019-09-29 21:40:16.455011: Gaetan_affection1569773215.3853812.pickle deja entrainer
2019-09-29 21:40:16.463944: Gaetan_affection1569773811.7625198.pickle deja entrainer
2019-09-29 21:40:16.474751: Gaetan_salutation1569769315.2845206.pickle deja entrainer
2019-09-29 21:40:16.484165: Landris1569761823.1594908.pickle deja entrainer
2019-09-29 21:40:16.495029: Landry 1569756068.5932136.pickle deja entrainer
2019-09-29 21:40:16.502608: Landry1569751973.443937.pickle deja entrainer
2019-09-29 21:40:16.513489: Landry1569752297.725281.pickle deja entrainer
2019-09-29 21:40:16.520928: Landry1569752327.193542.pickle deja entrainer
2019-09-29 21:40:16.531672: Landry1569752379.2493088.pickle deja entrainer
2019-09-29 21:40:16.539171: Landry1569752469.6487012.pickle deja entrainer
2019-09-29 21:40:16.550030: Landry1569752553.3507473.pickle deja entrainer
2019-09-29 21:40:16.557525: Landry1569752601.240475.pickle deja entrainer
2019-09-29 21:40:16.568282: Landry1569752694.9771836.pickle deja entrainer
2019-09-29 21:40:16.575672: Landry1569752726.4229715.pickle deja entrainer
2019-09-29 21:40:16.585488: Landry1569753389.153684.pickle deja entrainer
2019-09-29 21:40:16.596286: Landry1569756010.1963098.pickle deja entrainer
2019-09-29 21:40:16.603656: Landry1569756113.8109486.pickle deja entrainer
2019-09-29 21:40:16.614544: Landry1569756427.7174196.pickle deja entrainer
2019-09-29 21:40:16.621976: Landry1569756487.7392573.pickle deja entrainer
2019-09-29 21:40:16.632912: Landry1569756648.527258.pickle deja entrainer
2019-09-29 21:40:16.640297: Landry1569756702.6610138.pickle deja entrainer
2019-09-29 21:40:16.651045: Landry1569756753.2169418.pickle deja entrainer
2019-09-29 21:40:16.658449: Landry1569756804.2588167.pickle deja entrainer
2019-09-29 21:40:16.667452: Landry1569757225.4830878.pickle deja entrainer
2019-09-29 21:40:16.678253: Landry1569757316.1252055.pickle deja entrainer
2019-09-29 21:40:16.687044: Landry1569757377.3213465.pickle deja entrainer
2019-09-29 21:40:16.697784: Landry1569757474.7468038.pickle deja entrainer
2019-09-29 21:40:16.705147: Landry1569757571.2798703.pickle deja entrainer
2019-09-29 21:40:16.716002: Landry1569757674.841612.pickle deja entrainer
2019-09-29 21:40:16.723393: Landry1569757757.862411.pickle deja entrainer
2019-09-29 21:40:16.734212: Landry1569757963.5832415.pickle deja entrainer
2019-09-29 21:40:16.742073: Landry1569758072.7867763.pickle deja entrainer
2019-09-29 21:40:16.750982: Landry1569758139.5434787.pickle deja entrainer
2019-09-29 21:40:16.761731: Landry_Info ti-asa1569759283.6940012.pickle deja entrainer
2019-09-29 21:40:16.769309: Landry_Ok alors1569759385.9637322.pickle deja entrainer
2019-09-29 21:40:16.780082: Landry_Pas de sujet1569759460.2824628.pickle deja entrainer
2019-09-29 21:40:16.789651: Landry_Pas de sujet1569759513.5852742.pickle deja entrainer
2019-09-29 21:40:16.800447: Landry_Pas de sujet1569761715.5991583.pickle deja entrainer
2019-09-29 21:40:16.807848: Landry_Pas de sujet1569761891.7444816.pickle deja entrainer
2019-09-29 21:40:16.818651: Landry_Salutation1569758369.6880407.pickle deja entrainer
2019-09-29 21:40:16.826097: Landry_Tant mieux1569759344.7115521.pickle deja entrainer
2019-09-29 21:40:16.836881: Landry_gros mot 1569762178.5377057.pickle deja entrainer
2019-09-29 21:40:16.844266: Landry_gros mot 1569762216.2751713.pickle deja entrainer
2019-09-29 21:40:16.855054: Landry_gros mot 1569762265.1407282.pickle deja entrainer
2019-09-29 21:40:16.862513: Landry_gros mot 1569764486.2896125.pickle deja entrainer
2019-09-29 21:40:16.873285: Landry_gros mot1569761966.6570952.pickle deja entrainer
2019-09-29 21:40:16.880717: Landry_gros mot1569762035.5159051.pickle deja entrainer
2019-09-29 21:40:16.890238: Landry_gros mot1569762093.564643.pickle deja entrainer
2019-09-29 21:40:16.901111: Landry_gros mot1569762347.5378044.pickle deja entrainer
2019-09-29 21:40:16.908461: Landry_gros mot1569762387.1265013.pickle deja entrainer
2019-09-29 21:40:16.919296: Landry_gros mot1569762502.5251384.pickle deja entrainer
2019-09-29 21:40:16.926835: Landry_gros mot1569762536.0991375.pickle deja entrainer
2019-09-29 21:40:16.937528: Landry_gros mot1569762567.7121878.pickle deja entrainer
2019-09-29 21:40:16.944964: Landry_gros mot1569764356.8760288.pickle deja entrainer
2019-09-29 21:40:16.954777: Landry_gros mot1569764400.7291787.pickle deja entrainer
2019-09-29 21:40:19.812723: Landry_rire1569763679.5295184.pickle deja entrainer
2019-09-29 21:40:19.828156: Landry_rire1569763723.4727235.pickle deja entrainer
2019-09-29 21:40:19.841313: Landry_rire1569763785.6333694.pickle deja entrainer
2019-09-29 21:40:19.854695: Landry_rire1569763852.6232855.pickle deja entrainer
2019-09-29 21:40:19.867722: Landry_rire1569763893.577941.pickle deja entrainer
2019-09-29 21:40:19.880859: Landry_rire1569763938.6023798.pickle deja entrainer
2019-09-29 21:40:19.893877: Landry_rire1569763992.8144379.pickle deja entrainer
2019-09-29 21:40:19.907060: Landry_rire1569764052.432645.pickle deja entrainer
2019-09-29 21:40:19.920156: Landry_rire1569764118.2899892.pickle deja entrainer
2019-09-29 21:40:19.934032: gaetan1569760964.1562946.pickle deja entrainer
2019-09-29 21:40:19.947148: gaetan1569768211.1593125.pickle deja entrainer
2019-09-29 21:40:19.960311: gaetan_discussion long1569770278.1853623.pickle deja entrainer
2019-09-29 21:41:11.451932: Gaetan1569767117.5999324.pickle deja entrainer
2019-09-29 21:41:11.461633: Gaetan1569767681.5700564.pickle deja entrainer
2019-09-29 21:41:11.471771: Gaetan_affection1569773215.3853812.pickle deja entrainer
2019-09-29 21:41:11.481590: Gaetan_affection1569773811.7625198.pickle deja entrainer
2019-09-29 21:41:11.490802: Gaetan_salutation1569769315.2845206.pickle deja entrainer
2019-09-29 21:41:11.500151: Landris1569761823.1594908.pickle deja entrainer
2019-09-29 21:41:11.509805: Landry 1569756068.5932136.pickle deja entrainer
2019-09-29 21:41:11.520062: Landry1569751973.443937.pickle deja entrainer
2019-09-29 21:41:11.532139: Landry1569752297.725281.pickle deja entrainer
2019-09-29 21:41:11.542233: Landry1569752327.193542.pickle deja entrainer
2019-09-29 21:41:11.551668: Landry1569752379.2493088.pickle deja entrainer
2019-09-29 21:41:11.560909: Landry1569752469.6487012.pickle deja entrainer
2019-09-29 21:41:11.570124: Landry1569752553.3507473.pickle deja entrainer
2019-09-29 21:41:11.579356: Landry1569752601.240475.pickle deja entrainer
2019-09-29 21:41:11.588619: Landry1569752694.9771836.pickle deja entrainer
2019-09-29 21:41:11.597700: Landry1569752726.4229715.pickle deja entrainer
2019-09-29 21:41:11.606683: Landry1569753389.153684.pickle deja entrainer
2019-09-29 21:41:11.615939: Landry1569756010.1963098.pickle deja entrainer
2019-09-29 21:41:11.625067: Landry1569756113.8109486.pickle deja entrainer
2019-09-29 21:41:11.634154: Landry1569756427.7174196.pickle deja entrainer
2019-09-29 21:41:11.643518: Landry1569756487.7392573.pickle deja entrainer
2019-09-29 21:41:11.652933: Landry1569756648.527258.pickle deja entrainer
2019-09-29 21:41:11.662025: Landry1569756702.6610138.pickle deja entrainer
2019-09-29 21:41:11.671258: Landry1569756753.2169418.pickle deja entrainer
2019-09-29 21:41:11.680244: Landry1569756804.2588167.pickle deja entrainer
2019-09-29 21:41:11.689525: Landry1569757225.4830878.pickle deja entrainer
2019-09-29 21:41:11.698647: Landry1569757316.1252055.pickle deja entrainer
2019-09-29 21:41:11.707733: Landry1569757377.3213465.pickle deja entrainer
2019-09-29 21:41:11.716855: Landry1569757474.7468038.pickle deja entrainer
2019-09-29 21:41:11.726082: Landry1569757571.2798703.pickle deja entrainer
2019-09-29 21:41:11.735159: Landry1569757674.841612.pickle deja entrainer
2019-09-29 21:41:11.744204: Landry1569757757.862411.pickle deja entrainer
2019-09-29 21:41:11.753439: Landry1569757963.5832415.pickle deja entrainer
2019-09-29 21:41:11.762686: Landry1569758072.7867763.pickle deja entrainer
2019-09-29 21:41:11.771845: Landry1569758139.5434787.pickle deja entrainer
2019-09-29 21:41:11.780954: Landry_Info ti-asa1569759283.6940012.pickle deja entrainer
2019-09-29 21:41:11.790134: Landry_Ok alors1569759385.9637322.pickle deja entrainer
2019-09-29 21:41:11.799379: Landry_Pas de sujet1569759460.2824628.pickle deja entrainer
2019-09-29 21:41:11.808644: Landry_Pas de sujet1569759513.5852742.pickle deja entrainer
2019-09-29 21:41:11.817808: Landry_Pas de sujet1569761715.5991583.pickle deja entrainer
2019-09-29 21:41:11.827011: Landry_Pas de sujet1569761891.7444816.pickle deja entrainer
2019-09-29 21:41:11.836258: Landry_Salutation1569758369.6880407.pickle deja entrainer
2019-09-29 21:41:11.845365: Landry_Tant mieux1569759344.7115521.pickle deja entrainer
2019-09-29 21:41:11.854871: Landry_gros mot 1569762178.5377057.pickle deja entrainer
2019-09-29 21:41:11.863876: Landry_gros mot 1569762216.2751713.pickle deja entrainer
2019-09-29 21:41:11.873088: Landry_gros mot 1569762265.1407282.pickle deja entrainer
2019-09-29 21:41:11.882282: Landry_gros mot 1569764486.2896125.pickle deja entrainer
2019-09-29 21:41:11.891323: Landry_gros mot1569761966.6570952.pickle deja entrainer
2019-09-29 21:41:11.900328: Landry_gros mot1569762035.5159051.pickle deja entrainer
2019-09-29 21:41:11.909653: Landry_gros mot1569762093.564643.pickle deja entrainer
2019-09-29 21:41:11.918748: Landry_gros mot1569762347.5378044.pickle deja entrainer
2019-09-29 21:41:11.927873: Landry_gros mot1569762387.1265013.pickle deja entrainer
2019-09-29 21:41:11.936922: Landry_gros mot1569762502.5251384.pickle deja entrainer
2019-09-29 21:41:11.946149: Landry_gros mot1569762536.0991375.pickle deja entrainer
2019-09-29 21:41:11.955513: Landry_gros mot1569762567.7121878.pickle deja entrainer
2019-09-29 21:41:11.964625: Landry_gros mot1569764356.8760288.pickle deja entrainer
2019-09-29 21:41:11.973757: Landry_gros mot1569764400.7291787.pickle deja entrainer
2019-09-29 21:41:11.983187: Landry_pardon1569766017.9201558.pickle deja entrainer
2019-09-29 21:41:11.992317: Landry_pardon1569766072.0797548.pickle deja entrainer
2019-09-29 21:41:12.001422: Landry_pardon1569766123.3430026.pickle deja entrainer
2019-09-29 21:41:12.010664: Landry_pardon1569766210.9853246.pickle deja entrainer
2019-09-29 21:41:12.019916: Landry_pardon1569766270.4143348.pickle deja entrainer
2019-09-29 21:41:12.029061: Landry_rire1569763679.5295184.pickle deja entrainer
2019-09-29 21:41:12.038218: Landry_rire1569763723.4727235.pickle deja entrainer
2019-09-29 21:41:12.047448: Landry_rire1569763785.6333694.pickle deja entrainer
2019-09-29 21:41:12.056924: Landry_rire1569763852.6232855.pickle deja entrainer
2019-09-29 21:41:12.066390: Landry_rire1569763893.577941.pickle deja entrainer
2019-09-29 21:41:12.075595: Landry_rire1569763938.6023798.pickle deja entrainer
2019-09-29 21:41:12.084851: Landry_rire1569763992.8144379.pickle deja entrainer
2019-09-29 21:41:12.094044: Landry_rire1569764052.432645.pickle deja entrainer
2019-09-29 21:41:12.103358: Landry_rire1569764118.2899892.pickle deja entrainer
2019-09-29 21:41:12.114934: gaetan1569760964.1562946.pickle deja entrainer
2019-09-29 21:41:12.124234: gaetan1569768211.1593125.pickle deja entrainer
2019-09-29 21:41:12.133545: gaetan_discussion long1569770278.1853623.pickle deja entrainer
2019-09-29 21:59:47.256119: Gaetan1569767117.5999324.pickle deja entrainer
2019-09-29 21:59:47.263770: Gaetan1569767681.5700564.pickle deja entrainer
2019-09-29 21:59:47.273473: Gaetan_affection1569773215.3853812.pickle deja entrainer
2019-09-29 21:59:47.283689: Gaetan_affection1569773811.7625198.pickle deja entrainer
2019-09-29 21:59:47.290902: Gaetan_salutation1569769315.2845206.pickle deja entrainer
2019-09-29 21:59:47.301027: Landris1569761823.1594908.pickle deja entrainer
2019-09-29 21:59:47.308390: Landry 1569756068.5932136.pickle deja entrainer
2019-09-29 21:59:47.318477: Landry1569751973.443937.pickle deja entrainer
2019-09-29 21:59:47.325607: Landry1569752297.725281.pickle deja entrainer
2019-09-29 21:59:47.335772: Landry1569752327.193542.pickle deja entrainer
2019-09-29 21:59:47.342950: Landry1569752379.2493088.pickle deja entrainer
2019-09-29 21:59:47.352960: Landry1569752469.6487012.pickle deja entrainer
2019-09-29 21:59:47.360167: Landry1569752553.3507473.pickle deja entrainer
2019-09-29 21:59:47.370168: Landry1569752601.240475.pickle deja entrainer
2019-09-29 21:59:47.377305: Landry1569752694.9771836.pickle deja entrainer
2019-09-29 21:59:47.387403: Landry1569752726.4229715.pickle deja entrainer
2019-09-29 21:59:47.394534: Landry1569753389.153684.pickle deja entrainer
2019-09-29 21:59:47.404595: Landry1569756010.1963098.pickle deja entrainer
2019-09-29 21:59:47.411798: Landry1569756113.8109486.pickle deja entrainer
2019-09-29 21:59:47.421762: Landry1569756427.7174196.pickle deja entrainer
2019-09-29 21:59:47.428908: Landry1569756487.7392573.pickle deja entrainer
2019-09-29 21:59:47.439075: Landry1569756648.527258.pickle deja entrainer
2019-09-29 21:59:47.446198: Landry1569756702.6610138.pickle deja entrainer
2019-09-29 21:59:47.456172: Landry1569756753.2169418.pickle deja entrainer
2019-09-29 21:59:47.463242: Landry1569756804.2588167.pickle deja entrainer
2019-09-29 21:59:47.473284: Landry1569757225.4830878.pickle deja entrainer
2019-09-29 21:59:47.480684: Landry1569757316.1252055.pickle deja entrainer
2019-09-29 21:59:47.490881: Landry1569757377.3213465.pickle deja entrainer
2019-09-29 21:59:47.498022: Landry1569757474.7468038.pickle deja entrainer
2019-09-29 21:59:47.508150: Landry1569757571.2798703.pickle deja entrainer
2019-09-29 21:59:47.515255: Landry1569757674.841612.pickle deja entrainer
2019-09-29 21:59:47.525280: Landry1569757757.862411.pickle deja entrainer
2019-09-29 21:59:47.532566: Landry1569757963.5832415.pickle deja entrainer
2019-09-29 21:59:47.542572: Landry1569758072.7867763.pickle deja entrainer
2019-09-29 21:59:47.549681: Landry1569758139.5434787.pickle deja entrainer
2019-09-29 21:59:47.559687: Landry_Info ti-asa1569759283.6940012.pickle deja entrainer
2019-09-29 21:59:47.566798: Landry_Ok alors1569759385.9637322.pickle deja entrainer
2019-09-29 21:59:47.576865: Landry_Pas de sujet1569759460.2824628.pickle deja entrainer
2019-09-29 21:59:47.583999: Landry_Pas de sujet1569759513.5852742.pickle deja entrainer
2019-09-29 21:59:47.593950: Landry_Pas de sujet1569761715.5991583.pickle deja entrainer
2019-09-29 21:59:47.601123: Landry_Pas de sujet1569761891.7444816.pickle deja entrainer
2019-09-29 21:59:47.611105: Landry_Salutation1569758369.6880407.pickle deja entrainer
2019-09-29 21:59:47.618269: Landry_Tant mieux1569759344.7115521.pickle deja entrainer
2019-09-29 21:59:47.628388: Landry_gros mot 1569762178.5377057.pickle deja entrainer
2019-09-29 21:59:47.635567: Landry_gros mot 1569762216.2751713.pickle deja entrainer
2019-09-29 21:59:47.645593: Landry_gros mot 1569762265.1407282.pickle deja entrainer
2019-09-29 21:59:47.652827: Landry_gros mot 1569764486.2896125.pickle deja entrainer
2019-09-29 21:59:47.661802: Landry_gros mot1569761966.6570952.pickle deja entrainer
2019-09-29 21:59:47.671865: Landry_gros mot1569762035.5159051.pickle deja entrainer
2019-09-29 21:59:47.679089: Landry_gros mot1569762093.564643.pickle deja entrainer
2019-09-29 21:59:47.689116: Landry_gros mot1569762347.5378044.pickle deja entrainer
2019-09-29 21:59:47.696221: Landry_gros mot1569762387.1265013.pickle deja entrainer
2019-09-29 21:59:47.706368: Landry_gros mot1569762502.5251384.pickle deja entrainer
2019-09-29 21:59:47.714280: Landry_gros mot1569762536.0991375.pickle deja entrainer
2019-09-29 21:59:47.724383: Landry_gros mot1569762567.7121878.pickle deja entrainer
2019-09-29 21:59:47.732611: Landry_gros mot1569764356.8760288.pickle deja entrainer
2019-09-29 21:59:47.742698: Landry_gros mot1569764400.7291787.pickle deja entrainer
2019-09-29 21:59:47.749964: Landry_pardon1569766017.9201558.pickle deja entrainer
2019-09-29 21:59:47.760247: Landry_pardon1569766072.0797548.pickle deja entrainer
2019-09-29 21:59:47.767516: Landry_pardon1569766123.3430026.pickle deja entrainer
2019-09-29 21:59:47.777659: Landry_pardon1569766210.9853246.pickle deja entrainer
2019-09-29 21:59:47.784918: Landry_pardon1569766270.4143348.pickle deja entrainer
2019-09-29 21:59:47.795030: Landry_rire1569763679.5295184.pickle deja entrainer
2019-09-29 21:59:47.802141: Landry_rire1569763723.4727235.pickle deja entrainer
2019-09-29 21:59:47.812354: Landry_rire1569763785.6333694.pickle deja entrainer
2019-09-29 21:59:47.819426: Landry_rire1569763852.6232855.pickle deja entrainer
2019-09-29 21:59:47.829462: Landry_rire1569763893.577941.pickle deja entrainer
2019-09-29 21:59:47.836606: Landry_rire1569763938.6023798.pickle deja entrainer
2019-09-29 21:59:47.845463: Landry_rire1569763992.8144379.pickle deja entrainer
2019-09-29 21:59:47.854252: Landry_rire1569764052.432645.pickle deja entrainer
2019-09-29 21:59:47.863106: Landry_rire1569764118.2899892.pickle deja entrainer
2019-09-29 21:59:47.871881: gaetan1569760964.1562946.pickle deja entrainer
2019-09-29 21:59:47.880550: gaetan1569768211.1593125.pickle deja entrainer
2019-09-29 21:59:47.889395: gaetan_discussion long1569770278.1853623.pickle deja entrainer
2019-09-29 22:10:34.879951: Gaetan1569767117.5999324.pickle deja entrainer
2019-09-29 22:10:34.887282: Gaetan1569767681.5700564.pickle deja entrainer
2019-09-29 22:10:34.897666: Gaetan_affection1569773215.3853812.pickle deja entrainer
2019-09-29 22:10:34.906202: Gaetan_affection1569773811.7625198.pickle deja entrainer
2019-09-29 22:10:37.828964: Gaetan_salutation1569769315.2845206.pickle deja entrainer
2019-09-29 22:10:38.008729: Landris1569761823.1594908.pickle deja entrainer
2019-09-29 22:10:38.021303: Landry 1569756068.5932136.pickle deja entrainer
2019-09-29 22:10:38.034097: Landry1569751973.443937.pickle deja entrainer
2019-09-29 22:10:38.046993: Landry1569752297.725281.pickle deja entrainer
2019-09-29 22:10:38.059922: Landry1569752327.193542.pickle deja entrainer
2019-09-29 22:10:38.072833: Landry1569752379.2493088.pickle deja entrainer
2019-09-29 22:10:38.085442: Landry1569752469.6487012.pickle deja entrainer
2019-09-29 22:10:38.098108: Landry1569752553.3507473.pickle deja entrainer
2019-09-29 22:10:38.110771: Landry1569752601.240475.pickle deja entrainer
2019-09-29 22:10:38.123410: Landry1569752694.9771836.pickle deja entrainer
2019-09-29 22:10:38.136101: Landry1569752726.4229715.pickle deja entrainer
2019-09-29 22:10:38.148796: Landry1569753389.153684.pickle deja entrainer
2019-09-29 22:10:38.161504: Landry1569756010.1963098.pickle deja entrainer
2019-09-29 22:10:38.174113: Landry1569756113.8109486.pickle deja entrainer
2019-09-29 22:10:38.186815: Landry1569756427.7174196.pickle deja entrainer
2019-09-29 22:10:38.199436: Landry1569756487.7392573.pickle deja entrainer
2019-09-29 22:10:38.212194: Landry1569756648.527258.pickle deja entrainer
2019-09-29 22:10:38.224811: Landry1569756702.6610138.pickle deja entrainer
2019-09-29 22:10:38.237563: Landry1569756753.2169418.pickle deja entrainer
2019-09-29 22:10:38.250154: Landry1569756804.2588167.pickle deja entrainer
2019-09-29 22:10:38.262928: Landry1569757225.4830878.pickle deja entrainer
2019-09-29 22:10:38.275535: Landry1569757316.1252055.pickle deja entrainer
2019-09-29 22:10:38.288303: Landry1569757377.3213465.pickle deja entrainer
2019-09-29 22:10:38.301106: Landry1569757474.7468038.pickle deja entrainer
2019-09-29 22:10:38.313969: Landry1569757571.2798703.pickle deja entrainer
2019-09-29 22:10:38.326626: Landry1569757674.841612.pickle deja entrainer
2019-09-29 22:10:38.339877: Landry1569757757.862411.pickle deja entrainer
2019-09-29 22:10:38.353736: Landry1569757963.5832415.pickle deja entrainer
2019-09-29 22:10:38.367654: Landry1569758072.7867763.pickle deja entrainer
2019-09-29 22:10:38.381835: Landry1569758139.5434787.pickle deja entrainer
2019-09-29 22:10:38.395878: Landry_Info ti-asa1569759283.6940012.pickle deja entrainer
2019-09-29 22:10:38.409666: Landry_Ok alors1569759385.9637322.pickle deja entrainer
2019-09-29 22:10:38.422267: Landry_Pas de sujet1569759460.2824628.pickle deja entrainer
2019-09-29 22:10:38.435012: Landry_Pas de sujet1569759513.5852742.pickle deja entrainer
2019-09-29 22:10:38.447618: Landry_Pas de sujet1569761715.5991583.pickle deja entrainer
2019-09-29 22:10:38.460358: Landry_Pas de sujet1569761891.7444816.pickle deja entrainer
2019-09-29 22:10:38.473067: Landry_Salutation1569758369.6880407.pickle deja entrainer
2019-09-29 22:10:38.486145: Landry_Tant mieux1569759344.7115521.pickle deja entrainer
2019-09-29 22:10:38.498766: Landry_gros mot 1569762178.5377057.pickle deja entrainer
2019-09-29 22:10:38.511484: Landry_gros mot 1569762216.2751713.pickle deja entrainer
2019-09-29 22:10:38.524205: Landry_gros mot 1569762265.1407282.pickle deja entrainer
2019-09-29 22:10:38.536875: Landry_gros mot 1569764486.2896125.pickle deja entrainer
2019-09-29 22:10:38.549616: Landry_gros mot1569761966.6570952.pickle deja entrainer
2019-09-29 22:10:38.562259: Landry_gros mot1569762035.5159051.pickle deja entrainer
2019-09-29 22:10:38.574923: Landry_gros mot1569762093.564643.pickle deja entrainer
2019-09-29 22:10:38.587527: Landry_gros mot1569762347.5378044.pickle deja entrainer
2019-09-29 22:10:38.600233: Landry_gros mot1569762387.1265013.pickle deja entrainer
2019-09-29 22:10:38.612898: Landry_gros mot1569762502.5251384.pickle deja entrainer
2019-09-29 22:10:38.625543: Landry_gros mot1569762536.0991375.pickle deja entrainer
2019-09-29 22:10:38.638190: Landry_gros mot1569762567.7121878.pickle deja entrainer
2019-09-29 22:10:38.650965: Landry_gros mot1569764356.8760288.pickle deja entrainer
2019-09-29 22:10:38.663626: Landry_gros mot1569764400.7291787.pickle deja entrainer
2019-09-29 22:10:38.676344: Landry_pardon1569766017.9201558.pickle deja entrainer
2019-09-29 22:10:38.688960: Landry_pardon1569766072.0797548.pickle deja entrainer
2019-09-29 22:10:38.701731: Landry_pardon1569766123.3430026.pickle deja entrainer
2019-09-29 22:10:38.714367: Landry_pardon1569766210.9853246.pickle deja entrainer
2019-09-29 22:10:38.727125: Landry_pardon1569766270.4143348.pickle deja entrainer
2019-09-29 22:10:38.739739: Landry_rire1569763679.5295184.pickle deja entrainer
2019-09-29 22:10:38.752497: Landry_rire1569763723.4727235.pickle deja entrainer
2019-09-29 22:10:38.765079: Landry_rire1569763785.6333694.pickle deja entrainer
2019-09-29 22:10:38.777691: Landry_rire1569763852.6232855.pickle deja entrainer
2019-09-29 22:10:38.790375: Landry_rire1569763893.577941.pickle deja entrainer
2019-09-29 22:10:38.803111: Landry_rire1569763938.6023798.pickle deja entrainer
2019-09-29 22:10:38.816186: Landry_rire1569763992.8144379.pickle deja entrainer
2019-09-29 22:10:38.829015: Landry_rire1569764052.432645.pickle deja entrainer
2019-09-29 22:10:38.841659: Landry_rire1569764118.2899892.pickle deja entrainer
2019-09-29 22:10:38.854275: gaetan1569760964.1562946.pickle deja entrainer
2019-09-29 22:10:38.866942: gaetan1569768211.1593125.pickle deja entrainer
2019-09-29 22:10:38.879606: gaetan_discussion long1569770278.1853623.pickle deja entrainer
2019-09-29 22:15:18.341946: Gaetan1569767117.5999324.pickle deja entrainer
2019-09-29 22:15:18.349588: Gaetan1569767681.5700564.pickle deja entrainer
2019-09-29 22:15:18.358634: Gaetan_affection1569773215.3853812.pickle deja entrainer
2019-09-29 22:15:18.368821: Gaetan_affection1569773811.7625198.pickle deja entrainer
2019-09-29 22:15:20.684377: Gaetan_salutation de nuit1569784216.679268.pickle deja entrainer
2019-09-29 22:15:20.698840: Gaetan_salutation1569769315.2845206.pickle deja entrainer
2019-09-29 22:15:20.710364: Gaetan_salutation1569784184.3430154.pickle deja entrainer
2019-09-29 22:15:20.723229: Landris1569761823.1594908.pickle deja entrainer
2019-09-29 22:15:20.736034: Landry 1569756068.5932136.pickle deja entrainer
2019-09-29 22:15:20.748814: Landry1569751973.443937.pickle deja entrainer
2019-09-29 22:15:20.761475: Landry1569752297.725281.pickle deja entrainer
2019-09-29 22:15:20.774187: Landry1569752327.193542.pickle deja entrainer
2019-09-29 22:15:20.787291: Landry1569752379.2493088.pickle deja entrainer
2019-09-29 22:15:20.800103: Landry1569752469.6487012.pickle deja entrainer
2019-09-29 22:15:20.812878: Landry1569752553.3507473.pickle deja entrainer
2019-09-29 22:15:20.825447: Landry1569752601.240475.pickle deja entrainer
2019-09-29 22:15:20.838102: Landry1569752694.9771836.pickle deja entrainer
2019-09-29 22:15:20.850856: Landry1569752726.4229715.pickle deja entrainer
2019-09-29 22:15:20.863582: Landry1569753389.153684.pickle deja entrainer
2019-09-29 22:15:20.876268: Landry1569756010.1963098.pickle deja entrainer
2019-09-29 22:15:20.888894: Landry1569756113.8109486.pickle deja entrainer
2019-09-29 22:15:20.901698: Landry1569756427.7174196.pickle deja entrainer
2019-09-29 22:15:20.914394: Landry1569756487.7392573.pickle deja entrainer
2019-09-29 22:15:20.927092: Landry1569756648.527258.pickle deja entrainer
2019-09-29 22:15:20.940636: Landry1569756702.6610138.pickle deja entrainer
2019-09-29 22:15:20.953443: Landry1569756753.2169418.pickle deja entrainer
2019-09-29 22:15:20.970472: Landry1569756804.2588167.pickle deja entrainer
2019-09-29 22:15:20.983929: Landry1569757225.4830878.pickle deja entrainer
2019-09-29 22:15:20.996871: Landry1569757316.1252055.pickle deja entrainer
2019-09-29 22:15:21.009886: Landry1569757377.3213465.pickle deja entrainer
2019-09-29 22:15:21.022558: Landry1569757474.7468038.pickle deja entrainer
2019-09-29 22:15:21.035229: Landry1569757571.2798703.pickle deja entrainer
2019-09-29 22:15:21.050795: Landry1569757674.841612.pickle deja entrainer
2019-09-29 22:15:21.062614: Landry1569757757.862411.pickle deja entrainer
2019-09-29 22:15:21.075266: Landry1569757963.5832415.pickle deja entrainer
2019-09-29 22:15:21.087992: Landry1569758072.7867763.pickle deja entrainer
2019-09-29 22:15:21.100751: Landry1569758139.5434787.pickle deja entrainer
2019-09-29 22:15:21.113509: Landry_Info ti-asa1569759283.6940012.pickle deja entrainer
2019-09-29 22:15:21.126152: Landry_Ok alors1569759385.9637322.pickle deja entrainer
2019-09-29 22:15:21.139146: Landry_Pas de sujet1569759460.2824628.pickle deja entrainer
2019-09-29 22:15:21.151742: Landry_Pas de sujet1569759513.5852742.pickle deja entrainer
2019-09-29 22:15:21.164611: Landry_Pas de sujet1569761715.5991583.pickle deja entrainer
2019-09-29 22:15:21.177240: Landry_Pas de sujet1569761891.7444816.pickle deja entrainer
2019-09-29 22:15:21.190191: Landry_Salutation1569758369.6880407.pickle deja entrainer
2019-09-29 22:15:21.202866: Landry_Tant mieux1569759344.7115521.pickle deja entrainer
2019-09-29 22:15:21.215588: Landry_gros mot 1569762178.5377057.pickle deja entrainer
2019-09-29 22:15:21.228187: Landry_gros mot 1569762216.2751713.pickle deja entrainer
2019-09-29 22:15:21.240901: Landry_gros mot 1569762265.1407282.pickle deja entrainer
2019-09-29 22:15:21.253637: Landry_gros mot 1569764486.2896125.pickle deja entrainer
2019-09-29 22:15:21.266372: Landry_gros mot1569761966.6570952.pickle deja entrainer
2019-09-29 22:15:21.279023: Landry_gros mot1569762035.5159051.pickle deja entrainer
2019-09-29 22:15:21.291775: Landry_gros mot1569762093.564643.pickle deja entrainer
2019-09-29 22:15:21.304461: Landry_gros mot1569762347.5378044.pickle deja entrainer
2019-09-29 22:15:21.317260: Landry_gros mot1569762387.1265013.pickle deja entrainer
2019-09-29 22:15:21.330017: Landry_gros mot1569762502.5251384.pickle deja entrainer
2019-09-29 22:15:21.342679: Landry_gros mot1569762536.0991375.pickle deja entrainer
2019-09-29 22:15:21.356535: Landry_gros mot1569762567.7121878.pickle deja entrainer
2019-09-29 22:15:21.370489: Landry_gros mot1569764356.8760288.pickle deja entrainer
2019-09-29 22:15:21.384424: Landry_gros mot1569764400.7291787.pickle deja entrainer
2019-09-29 22:15:21.398412: Landry_pardon1569766017.9201558.pickle deja entrainer
2019-09-29 22:15:21.412235: Landry_pardon1569766072.0797548.pickle deja entrainer
2019-09-29 22:15:21.426260: Landry_pardon1569766123.3430026.pickle deja entrainer
2019-09-29 22:15:21.440120: Landry_pardon1569766210.9853246.pickle deja entrainer
2019-09-29 22:15:21.454164: Landry_pardon1569766270.4143348.pickle deja entrainer
2019-09-29 22:15:21.468089: Landry_rire1569763679.5295184.pickle deja entrainer
2019-09-29 22:15:21.482019: Landry_rire1569763723.4727235.pickle deja entrainer
2019-09-29 22:15:21.495993: Landry_rire1569763785.6333694.pickle deja entrainer
2019-09-29 22:15:21.509987: Landry_rire1569763852.6232855.pickle deja entrainer
2019-09-29 22:15:21.523884: Landry_rire1569763893.577941.pickle deja entrainer
2019-09-29 22:15:21.539576: Landry_rire1569763938.6023798.pickle deja entrainer
2019-09-29 22:15:21.555744: Landry_rire1569763992.8144379.pickle deja entrainer
2019-09-29 22:15:21.569759: Landry_rire1569764052.432645.pickle deja entrainer
2019-09-29 22:15:21.583972: Landry_rire1569764118.2899892.pickle deja entrainer
2019-09-29 22:15:21.598020: gaetan1569760964.1562946.pickle deja entrainer
2019-09-29 22:15:21.611948: gaetan1569768211.1593125.pickle deja entrainer
2019-09-29 22:15:21.625665: gaetan_discussion long1569770278.1853623.pickle deja entrainer
